[debug] [2021-03-20T05:41:10.408Z] ----------------------------------------------------------------------
[debug] [2021-03-20T05:41:10.410Z] Command:       C:\Program Files\nodejs\node.exe C:\Users\User\AppData\Roaming\npm\node_modules\firebase-tools\lib\bin\firebase.js deploy
[debug] [2021-03-20T05:41:10.411Z] CLI Version:   9.6.1
[debug] [2021-03-20T05:41:10.411Z] Platform:      win32
[debug] [2021-03-20T05:41:10.411Z] Node Version:  v12.18.2
[debug] [2021-03-20T05:41:10.412Z] Time:          Sat Mar 20 2021 11:41:10 GMT+0600 (Bangladesh Standard Time)
[debug] [2021-03-20T05:41:10.412Z] ----------------------------------------------------------------------
[debug] [2021-03-20T05:41:10.412Z] 
[debug] [2021-03-20T05:41:10.419Z] > command requires scopes: ["email","openid","https://www.googleapis.com/auth/cloudplatformprojects.readonly","https://www.googleapis.com/auth/firebase","https://www.googleapis.com/auth/cloud-platform"]
[debug] [2021-03-20T05:41:10.419Z] > authorizing via signed-in user
[debug] [2021-03-20T05:41:10.419Z] [iam] checking project city-transports-authority for permissions ["firebase.projects.get","firebasehosting.sites.update"]
[debug] [2021-03-20T05:41:10.422Z] >>> HTTP REQUEST POST https://cloudresourcemanager.googleapis.com/v1/projects/city-transports-authority:testIamPermissions  
 {"permissions":["firebase.projects.get","firebasehosting.sites.update"]}
[debug] [2021-03-20T05:41:10.435Z] [iam] error while checking permissions, command may fail: FirebaseError: Server Error. getaddrinfo ENOTFOUND cloudresourcemanager.googleapis.com
[debug] [2021-03-20T05:41:10.437Z] > refreshing access token with scopes: []
[debug] [2021-03-20T05:41:10.437Z] >>> HTTP REQUEST POST https://www.googleapis.com/oauth2/v3/token  
 <request body omitted>
[debug] [2021-03-20T05:41:10.443Z] Authentication Error: Your credentials are no longer valid. Please run firebase login --reauth

For CI servers and headless environments, generate a new token with firebase login:ci
[debug] [2021-03-20T05:41:10.455Z] FirebaseError: Authentication Error: Your credentials are no longer valid. Please run firebase login --reauth

For CI servers and headless environments, generate a new token with firebase login:ci
    at invalidCredentialError (C:\Users\User\AppData\Roaming\npm\node_modules\firebase-tools\lib\auth.js:26:12)
    at refreshTokens (C:\Users\User\AppData\Roaming\npm\node_modules\firebase-tools\lib\auth.js:297:15)
    at processTicksAndRejections (internal/process/task_queues.js:97:5)
[error] 
[error] Error: Failed to get Firebase project city-transports-authority. Please make sure the project exists and your account has permission to access it.
